<?xml version="1.0" encoding="UTF-8"?>
<!-- Generated by org.testng.reporters.JUnitReportReporter -->
<testsuite skipped="0" hostname="DESKTOP-QGJITNH" name="com.selenium.testCases.TC_AddCustomerTest_003" tests="1" failures="0" timestamp="2023-01-19T21:58:27 IST" time="27.541" errors="0">
  <testcase name="addNewCustomer" time="27.541" classname="com.selenium.testCases.TC_AddCustomerTest_003"/>
  <system-out/>
</testsuite> <!-- com.selenium.testCases.TC_AddCustomerTest_003 -->
