<?xml version="1.0" encoding="UTF-8"?>
<!-- Generated by org.testng.reporters.JUnitReportReporter -->
<testsuite hostname="DESKTOP-QGJITNH" failures="0" tests="1" name="com.selenium.testCases.TC_LoginTest_001" time="3.337" errors="0" timestamp="22 Jan 2023 14:05:47 GMT" skipped="0">
  <testcase classname="com.selenium.testCases.TC_LoginTest_001" name="loginTest" time="3.337"/>
</testsuite> <!-- com.selenium.testCases.TC_LoginTest_001 -->
